Started at Sun Oct 11 08:54:01 CDT 2020
Processing DevProject1
Offering DevProject1 to Project Build Discarder
Processing Hello World
Offering Hello World to Project Build Discarder
Processing nanogram
Offering nanogram to Project Build Discarder
Processing TestProject1
Offering TestProject1 to Project Build Discarder
Processing TestProject2
Offering TestProject2 to Project Build Discarder
Processing TestProject3
Offering TestProject3 to Project Build Discarder
Processing TomcatDeployment
Offering TomcatDeployment to Project Build Discarder
Finished at Sun Oct 11 08:54:01 CDT 2020. 177ms
Started at Sun Oct 11 11:13:26 CDT 2020
Processing DevProject1
Offering DevProject1 to Project Build Discarder
Processing Hello World
Offering Hello World to Project Build Discarder
Processing nanogram
Offering nanogram to Project Build Discarder
Processing TestProject1
Offering TestProject1 to Project Build Discarder
Processing TestProject2
Offering TestProject2 to Project Build Discarder
Processing TestProject3
Offering TestProject3 to Project Build Discarder
Processing TomcatDeployment
Offering TomcatDeployment to Project Build Discarder
Finished at Sun Oct 11 11:13:26 CDT 2020. 734ms
Started at Sun Oct 11 11:54:01 CDT 2020
Processing DevProject1
Offering DevProject1 to Project Build Discarder
Processing Hello World
Offering Hello World to Project Build Discarder
Processing nanogram
Offering nanogram to Project Build Discarder
Processing TestProject1
Offering TestProject1 to Project Build Discarder
Processing TestProject2
Offering TestProject2 to Project Build Discarder
Processing TestProject3
Offering TestProject3 to Project Build Discarder
Processing TomcatDeployment
Offering TomcatDeployment to Project Build Discarder
Finished at Sun Oct 11 11:54:01 CDT 2020. 133ms
Started at Sun Oct 11 12:54:02 CDT 2020
Processing DevProject1
Offering DevProject1 to Project Build Discarder
Processing Hello World
Offering Hello World to Project Build Discarder
Processing nanogram
Offering nanogram to Project Build Discarder
Processing TestProject1
Offering TestProject1 to Project Build Discarder
Processing TestProject2
Offering TestProject2 to Project Build Discarder
Processing TestProject3
Offering TestProject3 to Project Build Discarder
Processing TomcatDeployment
Offering TomcatDeployment to Project Build Discarder
Finished at Sun Oct 11 12:54:03 CDT 2020. 985ms
Started at Sun Oct 11 13:54:01 CDT 2020
Processing DevProject1
Offering DevProject1 to Project Build Discarder
Processing Hello World
Offering Hello World to Project Build Discarder
Processing nanogram
Offering nanogram to Project Build Discarder
Processing TestProject1
Offering TestProject1 to Project Build Discarder
Processing TestProject2
Offering TestProject2 to Project Build Discarder
Processing TestProject3
Offering TestProject3 to Project Build Discarder
Processing TomcatDeployment
Offering TomcatDeployment to Project Build Discarder
Finished at Sun Oct 11 13:54:01 CDT 2020. 39ms
Started at Sun Oct 11 14:54:02 CDT 2020
Processing DevProject1
Offering DevProject1 to Project Build Discarder
Processing Hello World
Offering Hello World to Project Build Discarder
Processing nanogram
Offering nanogram to Project Build Discarder
Processing TestProject1
Offering TestProject1 to Project Build Discarder
Processing TestProject2
Offering TestProject2 to Project Build Discarder
Processing TestProject3
Offering TestProject3 to Project Build Discarder
Processing TomcatDeployment
Offering TomcatDeployment to Project Build Discarder
Finished at Sun Oct 11 14:54:03 CDT 2020. 903ms
Started at Sun Oct 11 15:54:01 CDT 2020
Processing DevProject1
Offering DevProject1 to Project Build Discarder
Processing Hello World
Offering Hello World to Project Build Discarder
Processing nanogram
Offering nanogram to Project Build Discarder
Processing TestProject1
Offering TestProject1 to Project Build Discarder
Processing TestProject2
Offering TestProject2 to Project Build Discarder
Processing TestProject3
Offering TestProject3 to Project Build Discarder
Processing TomcatDeployment
Offering TomcatDeployment to Project Build Discarder
Finished at Sun Oct 11 15:54:01 CDT 2020. 39ms
Started at Sun Oct 11 16:54:01 CDT 2020
Processing DevProject1
Offering DevProject1 to Project Build Discarder
Processing Hello World
Offering Hello World to Project Build Discarder
Processing nanogram
Offering nanogram to Project Build Discarder
Processing TestProject1
Offering TestProject1 to Project Build Discarder
Processing TestProject2
Offering TestProject2 to Project Build Discarder
Processing TestProject3
Offering TestProject3 to Project Build Discarder
Processing TomcatDeployment
Offering TomcatDeployment to Project Build Discarder
Finished at Sun Oct 11 16:54:01 CDT 2020. 22ms
Started at Sun Oct 11 17:54:01 CDT 2020
Processing DevProject1
Offering DevProject1 to Project Build Discarder
Processing Hello World
Offering Hello World to Project Build Discarder
Processing nanogram
Offering nanogram to Project Build Discarder
Processing TestProject1
Offering TestProject1 to Project Build Discarder
Processing TestProject2
Offering TestProject2 to Project Build Discarder
Processing TestProject3
Offering TestProject3 to Project Build Discarder
Processing TomcatDeployment
Offering TomcatDeployment to Project Build Discarder
Finished at Sun Oct 11 17:54:01 CDT 2020. 80ms
Started at Sun Oct 11 18:54:01 CDT 2020
Processing DevProject1
Offering DevProject1 to Project Build Discarder
Processing Hello World
Offering Hello World to Project Build Discarder
Processing nanogram
Offering nanogram to Project Build Discarder
Processing TestProject1
Offering TestProject1 to Project Build Discarder
Processing TestProject2
Offering TestProject2 to Project Build Discarder
Processing TestProject3
Offering TestProject3 to Project Build Discarder
Processing TomcatDeployment
Offering TomcatDeployment to Project Build Discarder
Finished at Sun Oct 11 18:54:01 CDT 2020. 25ms
